[debug] [2021-03-08T11:16:12.218Z] ----------------------------------------------------------------------
[debug] [2021-03-08T11:16:12.222Z] Command:       C:\Program Files\nodejs\node.exe C:\Users\unicon computer\AppData\Roaming\npm\node_modules\firebase-tools\lib\bin\firebase.js init
[debug] [2021-03-08T11:16:12.222Z] CLI Version:   9.5.0
[debug] [2021-03-08T11:16:12.223Z] Platform:      win32
[debug] [2021-03-08T11:16:12.223Z] Node Version:  v15.10.0
[debug] [2021-03-08T11:16:12.224Z] Time:          Mon Mar 08 2021 17:01:12 GMT+0545 (Nepal Time)
[debug] [2021-03-08T11:16:12.224Z] ----------------------------------------------------------------------
[debug] [2021-03-08T11:16:12.225Z] 
[debug] [2021-03-08T11:16:12.234Z] > command requires scopes: ["email","openid","https://www.googleapis.com/auth/cloudplatformprojects.readonly","https://www.googleapis.com/auth/firebase","https://www.googleapis.com/auth/cloud-platform"]
[debug] [2021-03-08T11:16:12.235Z] > authorizing via signed-in user
[info] 
     ######## #### ########  ######## ########     ###     ######  ########
     ##        ##  ##     ## ##       ##     ##  ##   ##  ##       ##
     ######    ##  ########  ######   ########  #########  ######  ######
     ##        ##  ##    ##  ##       ##     ## ##     ##       ## ##
     ##       #### ##     ## ######## ########  ##     ##  ######  ########

You're about to initialize a Firebase project in this directory:

  C:\Users\unicon computer\Desktop\amazon\amazon-clone

Before we get started, keep in mind:

  * You are initializing in an existing Firebase project directory

[info] 
=== Project Setup
[info] 
[info] First, let's associate this project directory with a Firebase project.
[info] You can create multiple project aliases by running firebase use --add, 
[info] but for now we'll just set up a default project.
[info] 
[info] i  .firebaserc already has a default project, using clone-53283. 
[debug] [2021-03-08T11:16:23.211Z] >>> [apiv2][query] GET https://firebase.googleapis.com/v1beta1/projects/clone-53283 [none]
[debug] [2021-03-08T11:16:23.803Z] <<< [apiv2][status] GET https://firebase.googleapis.com/v1beta1/projects/clone-53283 200
[debug] [2021-03-08T11:16:23.803Z] <<< [apiv2][body] GET https://firebase.googleapis.com/v1beta1/projects/clone-53283 {"projectId":"clone-53283","projectNumber":"235726371630","displayName":"amazon-clone","name":"projects/clone-53283","resources":{"hostingSite":"clone-53283"},"state":"ACTIVE"}
[info] 
=== Hosting Setup
[info] 
[info] Your public directory is the folder (relative to your project directory) that
[info] will contain Hosting assets to be uploaded with firebase deploy. If you
[info] have a build process for your assets, use your build's output directory.
[info] 
